<?xml version="1.0" encoding="UTF-8"?>
<!-- Generated by org.testng.reporters.JUnitReportReporter -->
<testsuite hostname="EXIPC0202" failures="0" tests="1" name="webApplication.Molinatestcase" time="34.193" errors="0" timestamp="2023-08-21T14:29:08 IST" skipped="0">
  <testcase classname="webApplication.Molinatestcase" name="MolinaTestcase" time="34.193"/>
  <system-out/>
</testsuite> <!-- webApplication.Molinatestcase -->
