<?xml version="1.0" encoding="UTF-8"?>
<!-- Generated by org.testng.reporters.JUnitReportReporter -->
<testsuite hostname="EXIPC0202" failures="0" tests="1" name="webApplication.Molinatestcase" time="34.292" errors="0" timestamp="2023-08-17T16:34:47 IST" skipped="0">
  <testcase classname="webApplication.Molinatestcase" name="MolinaTestcase" time="34.292"/>
  <system-out/>
</testsuite> <!-- webApplication.Molinatestcase -->
